<?xml version="1.0" encoding="UTF-8"?>
<testsuite xmlns:xsi="http://www.w3.org/2001/XMLSchema-instance" xsi:noNamespaceSchemaLocation="https://maven.apache.org/surefire/maven-surefire-plugin/xsd/surefire-test-report-3.0.xsd" version="3.0" name="TestSuite" time="93.026" tests="9" errors="0" skipped="0" failures="3">
  <properties>
[...]
</properties>
  <testcase name="LoginTest" classname="com.SauceDemo.TestCases.TC_LoginTest_001" time="4.719"/>
  <testcase name="loginDDT" classname="com.SauceDemo.TestCases.TC_LoginDDT_002" time="7.053"/>
  <testcase name="loginDDT" classname="com.SauceDemo.TestCases.TC_LoginDDT_002" time="3.835">
    <failure message="no such element: Unable to locate element: {&quot;method&quot;:&quot;xpath&quot;,&quot;selector&quot;:&quot;//button[text()=&apos;Open Menu&apos;]&quot;}&#10;  (Session info: chrome=85.0.4183.121)&#10;For documentation on this error, please visit: https://www.seleniumhq.org/exceptions/no_such_element.html&#10;Build info: version: &apos;3.141.59&apos;, revision: &apos;e82be7d358&apos;, time: &apos;2018-11-14T08:17:03&apos;&#10;System info: host: &apos;LAPTOP-P3PP6HUN&apos;, ip: &apos;192.168.0.103&apos;, os.name: &apos;Windows 10&apos;, os.arch: &apos;amd64&apos;, os.version: &apos;10.0&apos;, java.version: &apos;14.0.2&apos;&#10;Driver info: org.openqa.selenium.chrome.ChromeDriver&#10;Capabilities {acceptInsecureCerts: false, browserName: chrome, browserVersion: 85.0.4183.121, chrome: {chromedriverVersion: 84.0.4147.30 (48b3e868b4cc0..., userDataDir: C:\Users\AYUSI\AppData\Loca...}, goog:chromeOptions: {debuggerAddress: localhost:55180}, javascriptEnabled: true, networkConnectionEnabled: false, pageLoadStrategy: normal, platform: WINDOWS, platformName: WINDOWS, proxy: Proxy(), setWindowRect: true, strictFileInteractability: false, timeouts: {implicit: 0, pageLoad: 300000, script: 30000}, unhandledPromptBehavior: dismiss and notify, webauthn:virtualAuthenticators: true}&#10;Session ID: 35c362bc49cbaf7f45377d12b7f7eb31&#10;*** Element info: {Using=xpath, value=//button[text()=&apos;Open Menu&apos;]}" type="org.openqa.selenium.NoSuchElementException"><![CDATA[org.openqa.selenium.NoSuchElementException: 
no such element: Unable to locate element: {"method":"xpath","selector":"//button[text()='Open Menu']"}
  (Session info: chrome=85.0.4183.121)
For documentation on this error, please visit: https://www.seleniumhq.org/exceptions/no_such_element.html
Build info: version: '3.141.59', revision: 'e82be7d358', time: '2018-11-14T08:17:03'
System info: host: 'LAPTOP-P3PP6HUN', ip: '192.168.0.103', os.name: 'Windows 10', os.arch: 'amd64', os.version: '10.0', java.version: '14.0.2'
Driver info: org.openqa.selenium.chrome.ChromeDriver
Capabilities {acceptInsecureCerts: false, browserName: chrome, browserVersion: 85.0.4183.121, chrome: {chromedriverVersion: 84.0.4147.30 (48b3e868b4cc0..., userDataDir: C:\Users\AYUSI\AppData\Loca...}, goog:chromeOptions: {debuggerAddress: localhost:55180}, javascriptEnabled: true, networkConnectionEnabled: false, pageLoadStrategy: normal, platform: WINDOWS, platformName: WINDOWS, proxy: Proxy(), setWindowRect: true, strictFileInteractability: false, timeouts: {implicit: 0, pageLoad: 300000, script: 30000}, unhandledPromptBehavior: dismiss and notify, webauthn:virtualAuthenticators: true}
Session ID: 35c362bc49cbaf7f45377d12b7f7eb31
*** Element info: {Using=xpath, value=//button[text()='Open Menu']}
	at com.SauceDemo.TestCases.TC_LoginDDT_002.loginDDT(TC_LoginDDT_002.java:65)
]]></failure>
    <system-out><![CDATA[Status =1
Test Case Name =loginDDT
 INFO [main] (TC_LoginDDT_002.java:24)- URL is opened
 INFO [main] (TC_LoginDDT_002.java:39)- Entered username
 INFO [main] (TC_LoginDDT_002.java:43)- Entered password
]]></system-out>
  </testcase>
  <testcase name="loginDDT" classname="com.SauceDemo.TestCases.TC_LoginDDT_002" time="3.534">
    <failure message="no such element: Unable to locate element: {&quot;method&quot;:&quot;xpath&quot;,&quot;selector&quot;:&quot;//button[text()=&apos;Open Menu&apos;]&quot;}&#10;  (Session info: chrome=85.0.4183.121)&#10;For documentation on this error, please visit: https://www.seleniumhq.org/exceptions/no_such_element.html&#10;Build info: version: &apos;3.141.59&apos;, revision: &apos;e82be7d358&apos;, time: &apos;2018-11-14T08:17:03&apos;&#10;System info: host: &apos;LAPTOP-P3PP6HUN&apos;, ip: &apos;192.168.0.103&apos;, os.name: &apos;Windows 10&apos;, os.arch: &apos;amd64&apos;, os.version: &apos;10.0&apos;, java.version: &apos;14.0.2&apos;&#10;Driver info: org.openqa.selenium.chrome.ChromeDriver&#10;Capabilities {acceptInsecureCerts: false, browserName: chrome, browserVersion: 85.0.4183.121, chrome: {chromedriverVersion: 84.0.4147.30 (48b3e868b4cc0..., userDataDir: C:\Users\AYUSI\AppData\Loca...}, goog:chromeOptions: {debuggerAddress: localhost:55180}, javascriptEnabled: true, networkConnectionEnabled: false, pageLoadStrategy: normal, platform: WINDOWS, platformName: WINDOWS, proxy: Proxy(), setWindowRect: true, strictFileInteractability: false, timeouts: {implicit: 0, pageLoad: 300000, script: 30000}, unhandledPromptBehavior: dismiss and notify, webauthn:virtualAuthenticators: true}&#10;Session ID: 35c362bc49cbaf7f45377d12b7f7eb31&#10;*** Element info: {Using=xpath, value=//button[text()=&apos;Open Menu&apos;]}" type="org.openqa.selenium.NoSuchElementException"><![CDATA[org.openqa.selenium.NoSuchElementException: 
no such element: Unable to locate element: {"method":"xpath","selector":"//button[text()='Open Menu']"}
  (Session info: chrome=85.0.4183.121)
For documentation on this error, please visit: https://www.seleniumhq.org/exceptions/no_such_element.html
Build info: version: '3.141.59', revision: 'e82be7d358', time: '2018-11-14T08:17:03'
System info: host: 'LAPTOP-P3PP6HUN', ip: '192.168.0.103', os.name: 'Windows 10', os.arch: 'amd64', os.version: '10.0', java.version: '14.0.2'
Driver info: org.openqa.selenium.chrome.ChromeDriver
Capabilities {acceptInsecureCerts: false, browserName: chrome, browserVersion: 85.0.4183.121, chrome: {chromedriverVersion: 84.0.4147.30 (48b3e868b4cc0..., userDataDir: C:\Users\AYUSI\AppData\Loca...}, goog:chromeOptions: {debuggerAddress: localhost:55180}, javascriptEnabled: true, networkConnectionEnabled: false, pageLoadStrategy: normal, platform: WINDOWS, platformName: WINDOWS, proxy: Proxy(), setWindowRect: true, strictFileInteractability: false, timeouts: {implicit: 0, pageLoad: 300000, script: 30000}, unhandledPromptBehavior: dismiss and notify, webauthn:virtualAuthenticators: true}
Session ID: 35c362bc49cbaf7f45377d12b7f7eb31
*** Element info: {Using=xpath, value=//button[text()='Open Menu']}
	at com.SauceDemo.TestCases.TC_LoginDDT_002.loginDDT(TC_LoginDDT_002.java:65)
]]></failure>
    <system-out><![CDATA[Status =2
Test Case Name =loginDDT
 INFO [main] (TC_LoginDDT_002.java:24)- URL is opened
 INFO [main] (TC_LoginDDT_002.java:39)- Entered username
 INFO [main] (TC_LoginDDT_002.java:43)- Entered password
]]></system-out>
  </testcase>
  <testcase name="loginDDT" classname="com.SauceDemo.TestCases.TC_LoginDDT_002" time="3.562">
    <failure message="no such element: Unable to locate element: {&quot;method&quot;:&quot;xpath&quot;,&quot;selector&quot;:&quot;//button[text()=&apos;Open Menu&apos;]&quot;}&#10;  (Session info: chrome=85.0.4183.121)&#10;For documentation on this error, please visit: https://www.seleniumhq.org/exceptions/no_such_element.html&#10;Build info: version: &apos;3.141.59&apos;, revision: &apos;e82be7d358&apos;, time: &apos;2018-11-14T08:17:03&apos;&#10;System info: host: &apos;LAPTOP-P3PP6HUN&apos;, ip: &apos;192.168.0.103&apos;, os.name: &apos;Windows 10&apos;, os.arch: &apos;amd64&apos;, os.version: &apos;10.0&apos;, java.version: &apos;14.0.2&apos;&#10;Driver info: org.openqa.selenium.chrome.ChromeDriver&#10;Capabilities {acceptInsecureCerts: false, browserName: chrome, browserVersion: 85.0.4183.121, chrome: {chromedriverVersion: 84.0.4147.30 (48b3e868b4cc0..., userDataDir: C:\Users\AYUSI\AppData\Loca...}, goog:chromeOptions: {debuggerAddress: localhost:55180}, javascriptEnabled: true, networkConnectionEnabled: false, pageLoadStrategy: normal, platform: WINDOWS, platformName: WINDOWS, proxy: Proxy(), setWindowRect: true, strictFileInteractability: false, timeouts: {implicit: 0, pageLoad: 300000, script: 30000}, unhandledPromptBehavior: dismiss and notify, webauthn:virtualAuthenticators: true}&#10;Session ID: 35c362bc49cbaf7f45377d12b7f7eb31&#10;*** Element info: {Using=xpath, value=//button[text()=&apos;Open Menu&apos;]}" type="org.openqa.selenium.NoSuchElementException"><![CDATA[org.openqa.selenium.NoSuchElementException: 
no such element: Unable to locate element: {"method":"xpath","selector":"//button[text()='Open Menu']"}
  (Session info: chrome=85.0.4183.121)
For documentation on this error, please visit: https://www.seleniumhq.org/exceptions/no_such_element.html
Build info: version: '3.141.59', revision: 'e82be7d358', time: '2018-11-14T08:17:03'
System info: host: 'LAPTOP-P3PP6HUN', ip: '192.168.0.103', os.name: 'Windows 10', os.arch: 'amd64', os.version: '10.0', java.version: '14.0.2'
Driver info: org.openqa.selenium.chrome.ChromeDriver
Capabilities {acceptInsecureCerts: false, browserName: chrome, browserVersion: 85.0.4183.121, chrome: {chromedriverVersion: 84.0.4147.30 (48b3e868b4cc0..., userDataDir: C:\Users\AYUSI\AppData\Loca...}, goog:chromeOptions: {debuggerAddress: localhost:55180}, javascriptEnabled: true, networkConnectionEnabled: false, pageLoadStrategy: normal, platform: WINDOWS, platformName: WINDOWS, proxy: Proxy(), setWindowRect: true, strictFileInteractability: false, timeouts: {implicit: 0, pageLoad: 300000, script: 30000}, unhandledPromptBehavior: dismiss and notify, webauthn:virtualAuthenticators: true}
Session ID: 35c362bc49cbaf7f45377d12b7f7eb31
*** Element info: {Using=xpath, value=//button[text()='Open Menu']}
	at com.SauceDemo.TestCases.TC_LoginDDT_002.loginDDT(TC_LoginDDT_002.java:65)
]]></failure>
    <system-out><![CDATA[Status =2
Test Case Name =loginDDT
 INFO [main] (TC_LoginDDT_002.java:24)- URL is opened
 INFO [main] (TC_LoginDDT_002.java:39)- Entered username
 INFO [main] (TC_LoginDDT_002.java:43)- Entered password
]]></system-out>
  </testcase>
  <testcase name="loginDDT" classname="com.SauceDemo.TestCases.TC_LoginDDT_002" time="8.95"/>
  <testcase name="productfiltering" classname="com.SauceDemo.TestCases.TC_FilterProductTest_003" time="5.741"/>
  <testcase name="Addingtocart" classname="com.SauceDemo.TestCases.TC_AddToCartTest_004" time="5.479"/>
  <testcase name="checkout" classname="com.SauceDemo.TestCases.TC_CheckOutTest_005" time="5.102"/>
</testsuite>