<?xml version="1.0" encoding="UTF-8"?>
<testng-results ignored="0" total="1" passed="1" failed="0" skipped="0">
  <reporter-output>
  </reporter-output>
  <suite started-at="2020-10-12T22:17:33 IST" name="Default suite" finished-at="2020-10-12T22:18:21 IST" duration-ms="47198">
    <groups>
    </groups>
    <test started-at="2020-10-12T22:17:33 IST" name="Default test" finished-at="2020-10-12T22:18:21 IST" duration-ms="47198">
      <class name="com.SauceDemo.TestCases.TC_ContinueShopping_006">
        <test-method is-config="true" signature="startTest()[pri:0, instance:com.SauceDemo.TestCases.TC_ContinueShopping_006@d4342c2]" started-at="2020-10-12T22:17:33 IST" name="startTest" finished-at="2020-10-12T22:17:34 IST" duration-ms="252" status="PASS">
          <reporter-output>
          </reporter-output>
        </test-method> <!-- startTest -->
        <test-method is-config="true" signature="setup()[pri:0, instance:com.SauceDemo.TestCases.TC_ContinueShopping_006@d4342c2]" started-at="2020-10-12T22:17:34 IST" name="setup" finished-at="2020-10-12T22:17:51 IST" duration-ms="16966" status="PASS">
          <reporter-output>
          </reporter-output>
        </test-method> <!-- setup -->
        <test-method signature="shopping()[pri:0, instance:com.SauceDemo.TestCases.TC_ContinueShopping_006@d4342c2]" started-at="2020-10-12T22:17:51 IST" name="shopping" finished-at="2020-10-12T22:18:03 IST" duration-ms="12663" status="PASS">
          <reporter-output>
          </reporter-output>
        </test-method> <!-- shopping -->
        <test-method is-config="true" signature="screenShot(org.testng.ITestResult)[pri:0, instance:com.SauceDemo.TestCases.TC_ContinueShopping_006@d4342c2]" started-at="2020-10-12T22:18:03 IST" name="screenShot" finished-at="2020-10-12T22:18:07 IST" duration-ms="3849" status="PASS">
          <params>
            <param index="0">
              <value>
                <![CDATA[[TestResult name=shopping status=SUCCESS method=TC_ContinueShopping_006.shopping()[pri:0, instance:com.SauceDemo.TestCases.TC_ContinueShopping_006@d4342c2] output={null}]]]>
              </value>
            </param>
          </params>
          <reporter-output>
          </reporter-output>
        </test-method> <!-- screenShot -->
        <test-method is-config="true" signature="closebrowser()[pri:0, instance:com.SauceDemo.TestCases.TC_ContinueShopping_006@d4342c2]" started-at="2020-10-12T22:18:07 IST" name="closebrowser" finished-at="2020-10-12T22:18:18 IST" duration-ms="11099" status="PASS">
          <reporter-output>
          </reporter-output>
        </test-method> <!-- closebrowser -->
        <test-method is-config="true" signature="EndTest()[pri:0, instance:com.SauceDemo.TestCases.TC_ContinueShopping_006@d4342c2]" started-at="2020-10-12T22:18:18 IST" name="EndTest" finished-at="2020-10-12T22:18:21 IST" duration-ms="2165" status="PASS">
          <reporter-output>
          </reporter-output>
        </test-method> <!-- EndTest -->
      </class> <!-- com.SauceDemo.TestCases.TC_ContinueShopping_006 -->
    </test> <!-- Default test -->
  </suite> <!-- Default suite -->
</testng-results>
