<?xml version="1.0" encoding="UTF-8"?>
<testng-results ignored="0" total="1" passed="1" failed="0" skipped="0">
  <reporter-output>
  </reporter-output>
  <suite started-at="2020-10-11T22:42:58 IST" name="Default suite" finished-at="2020-10-11T22:43:18 IST" duration-ms="19999">
    <groups>
    </groups>
    <test started-at="2020-10-11T22:42:58 IST" name="Default test" finished-at="2020-10-11T22:43:18 IST" duration-ms="19999">
      <class name="com.SauceDemo.TestCases.TC_CheckOutTest_005">
        <test-method is-config="true" signature="startTest()[pri:0, instance:com.SauceDemo.TestCases.TC_CheckOutTest_005@d4342c2]" started-at="2020-10-11T22:42:58 IST" name="startTest" finished-at="2020-10-11T22:42:58 IST" duration-ms="275" status="PASS">
          <reporter-output>
          </reporter-output>
        </test-method> <!-- startTest -->
        <test-method is-config="true" signature="setup()[pri:0, instance:com.SauceDemo.TestCases.TC_CheckOutTest_005@d4342c2]" started-at="2020-10-11T22:42:58 IST" name="setup" finished-at="2020-10-11T22:43:04 IST" duration-ms="6616" status="PASS">
          <reporter-output>
          </reporter-output>
        </test-method> <!-- setup -->
        <test-method signature="checkout()[pri:0, instance:com.SauceDemo.TestCases.TC_CheckOutTest_005@d4342c2]" started-at="2020-10-11T22:43:05 IST" name="checkout" finished-at="2020-10-11T22:43:16 IST" duration-ms="11605" status="PASS">
          <reporter-output>
          </reporter-output>
        </test-method> <!-- checkout -->
        <test-method is-config="true" signature="screenShot(org.testng.ITestResult)[pri:0, instance:com.SauceDemo.TestCases.TC_CheckOutTest_005@d4342c2]" started-at="2020-10-11T22:43:16 IST" name="screenShot" finished-at="2020-10-11T22:43:17 IST" duration-ms="463" status="PASS">
          <params>
            <param index="0">
              <value>
                <![CDATA[[TestResult name=checkout status=SUCCESS method=TC_CheckOutTest_005.checkout()[pri:0, instance:com.SauceDemo.TestCases.TC_CheckOutTest_005@d4342c2] output={null}]]]>
              </value>
            </param>
          </params>
          <reporter-output>
          </reporter-output>
        </test-method> <!-- screenShot -->
        <test-method is-config="true" signature="closebrowser()[pri:0, instance:com.SauceDemo.TestCases.TC_CheckOutTest_005@d4342c2]" started-at="2020-10-11T22:43:17 IST" name="closebrowser" finished-at="2020-10-11T22:43:17 IST" duration-ms="694" status="PASS">
          <reporter-output>
          </reporter-output>
        </test-method> <!-- closebrowser -->
        <test-method is-config="true" signature="EndTest()[pri:0, instance:com.SauceDemo.TestCases.TC_CheckOutTest_005@d4342c2]" started-at="2020-10-11T22:43:17 IST" name="EndTest" finished-at="2020-10-11T22:43:18 IST" duration-ms="272" status="PASS">
          <reporter-output>
          </reporter-output>
        </test-method> <!-- EndTest -->
      </class> <!-- com.SauceDemo.TestCases.TC_CheckOutTest_005 -->
    </test> <!-- Default test -->
  </suite> <!-- Default suite -->
</testng-results>
