<?xml version="1.0" encoding="UTF-8"?>
<testng-results ignored="0" total="1" passed="1" failed="0" skipped="0">
  <reporter-output>
  </reporter-output>
  <suite started-at="2020-10-10T17:32:38 IST" name="Default suite" finished-at="2020-10-10T17:32:52 IST" duration-ms="13424">
    <groups>
    </groups>
    <test started-at="2020-10-10T17:32:38 IST" name="Default test" finished-at="2020-10-10T17:32:52 IST" duration-ms="13424">
      <class name="com.SauceDemo.TestCases.TC_CheckOutTest_005">
        <test-method is-config="true" signature="setup()[pri:0, instance:com.SauceDemo.TestCases.TC_CheckOutTest_005@43301423]" started-at="2020-10-10T17:32:38 IST" name="setup" finished-at="2020-10-10T17:32:44 IST" duration-ms="5098" status="PASS">
          <reporter-output>
          </reporter-output>
        </test-method> <!-- setup -->
        <test-method signature="checkout()[pri:0, instance:com.SauceDemo.TestCases.TC_CheckOutTest_005@43301423]" started-at="2020-10-10T17:32:44 IST" name="checkout" finished-at="2020-10-10T17:32:51 IST" duration-ms="7047" status="PASS">
          <reporter-output>
          </reporter-output>
        </test-method> <!-- checkout -->
        <test-method is-config="true" signature="screenShot(org.testng.ITestResult)[pri:0, instance:com.SauceDemo.TestCases.TC_CheckOutTest_005@43301423]" started-at="2020-10-10T17:32:51 IST" name="screenShot" finished-at="2020-10-10T17:32:51 IST" duration-ms="520" status="PASS">
          <params>
            <param index="0">
              <value>
                <![CDATA[[TestResult name=checkout status=SUCCESS method=TC_CheckOutTest_005.checkout()[pri:0, instance:com.SauceDemo.TestCases.TC_CheckOutTest_005@43301423] output={null}]]]>
              </value>
            </param>
          </params>
          <reporter-output>
          </reporter-output>
        </test-method> <!-- screenShot -->
        <test-method is-config="true" signature="closebrowser()[pri:0, instance:com.SauceDemo.TestCases.TC_CheckOutTest_005@43301423]" started-at="2020-10-10T17:32:51 IST" name="closebrowser" finished-at="2020-10-10T17:32:52 IST" duration-ms="727" status="PASS">
          <reporter-output>
          </reporter-output>
        </test-method> <!-- closebrowser -->
      </class> <!-- com.SauceDemo.TestCases.TC_CheckOutTest_005 -->
    </test> <!-- Default test -->
  </suite> <!-- Default suite -->
</testng-results>
